<?xml version="1.0" encoding="UTF-8"?>
<!-- Generated by org.testng.reporters.JUnitReportReporter -->
<testsuite skipped="0" hostname="DESKTOP-RN62EUK" name="com.crm.testcases.LoginPageTest" tests="2" failures="0" timestamp="28 Mar 2019 16:22:20 GMT" time="22.020" errors="0">
  <testcase name="loginPageTitleTest" time="9.291" classname="com.crm.testcases.LoginPageTest"/>
  <testcase name="loginTest" time="12.729" classname="com.crm.testcases.LoginPageTest"/>
</testsuite> <!-- com.crm.testcases.LoginPageTest -->
